# JRE version: Java(TM) SE Runtime Environment (17.0.11+7) (build 17.0.11+7-LTS-207)
# Java VM: Java HotSpot(TM) 64-Bit Server VM (17.0.11+7-LTS-207, mixed mode, sharing, tiered, compressed oops, compressed class ptrs, g1 gc, windows-amd64)
GC Precious Log:
 CPUs: 8 total, 8 available
 Memory: 16183M
 Large Page Support: Disabled
 NUMA Support: Disabled
 Compressed Oops: Enabled (32-bit)
 Heap Region Size: 1M
 Heap Min Capacity: 8M
 Heap Initial Capacity: 254M
 Heap Max Capacity: 512M
 Pre-touch: Disabled
 Parallel Workers: 8
 Concurrent Workers: 2
 Concurrent Refinement Workers: 8
 Periodic GC: Disabled
Heap:
 garbage-first heap   total 55296K, used 30939K [0x00000000e0000000, 0x0000000100000000)
  region size 1024K, 11 young (11264K), 2 survivors (2048K)
 Metaspace       used 42844K, committed 43392K, reserved 1114112K
  class space    used 5678K, committed 5952K, reserved 1048576K
GC Heap History (20 events):
Event: 1.811 GC heap before
{Heap before GC invocations=3 (full 0):
 garbage-first heap   total 260096K, used 23986K [0x00000000e0000000, 0x0000000100000000)
  region size 1024K, 17 young (17408K), 5 survivors (5120K)
 Metaspace       used 21260K, committed 21504K, reserved 1114112K
  class space    used 2894K, committed 3008K, reserved 1048576K
}
Event: 1.814 GC heap after
{Heap after GC invocations=4 (full 0):
 garbage-first heap   total 260096K, used 13821K [0x00000000e0000000, 0x0000000100000000)
  region size 1024K, 6 young (6144K), 6 survivors (6144K)
 Metaspace       used 21260K, committed 21504K, reserved 1114112K
  class space    used 2894K, committed 3008K, reserved 1048576K
}
Event: 2.069 GC heap before
{Heap before GC invocations=5 (full 0):
 garbage-first heap   total 55296K, used 40445K [0x00000000e0000000, 0x0000000100000000)
  region size 1024K, 33 young (33792K), 6 survivors (6144K)
 Metaspace       used 26911K, committed 27200K, reserved 1114112K
  class space    used 3578K, committed 3712K, reserved 1048576K
}
Event: 2.073 GC heap after
{Heap after GC invocations=6 (full 0):
 garbage-first heap   total 55296K, used 15160K [0x00000000e0000000, 0x0000000100000000)
  region size 1024K, 7 young (7168K), 7 survivors (7168K)
 Metaspace       used 26911K, committed 27200K, reserved 1114112K
  class space    used 3578K, committed 3712K, reserved 1048576K
}
Event: 2.081 GC heap before
{Heap before GC invocations=6 (full 0):
 garbage-first heap   total 55296K, used 15160K [0x00000000e0000000, 0x0000000100000000)
  region size 1024K, 8 young (8192K), 7 survivors (7168K)
 Metaspace       used 27032K, committed 27328K, reserved 1114112K
  class space    used 3601K, committed 3712K, reserved 1048576K
}
Event: 2.085 GC heap after
{Heap after GC invocations=7 (full 0):
 garbage-first heap   total 55296K, used 15806K [0x00000000e0000000, 0x0000000100000000)
  region size 1024K, 1 young (1024K), 1 survivors (1024K)
 Metaspace       used 27032K, committed 27328K, reserved 1114112K
  class space    used 3601K, committed 3712K, reserved 1048576K
}
Event: 2.371 GC heap before
{Heap before GC invocations=7 (full 0):
 garbage-first heap   total 55296K, used 37310K [0x00000000e0000000, 0x0000000100000000)
  region size 1024K, 22 young (22528K), 1 survivors (1024K)
 Metaspace       used 29148K, committed 29504K, reserved 1114112K
  class space    used 3864K, committed 4032K, reserved 1048576K
}
Event: 2.373 GC heap after
{Heap after GC invocations=8 (full 0):
 garbage-first heap   total 55296K, used 16983K [0x00000000e0000000, 0x0000000100000000)
  region size 1024K, 3 young (3072K), 3 survivors (3072K)
 Metaspace       used 29148K, committed 29504K, reserved 1114112K
  class space    used 3864K, committed 4032K, reserved 1048576K
}
Event: 2.755 GC heap before
{Heap before GC invocations=8 (full 0):
 garbage-first heap   total 55296K, used 38487K [0x00000000e0000000, 0x0000000100000000)
  region size 1024K, 24 young (24576K), 3 survivors (3072K)
 Metaspace       used 32218K, committed 32640K, reserved 1114112K
  class space    used 4278K, committed 4480K, reserved 1048576K
}
Event: 2.757 GC heap after
{Heap after GC invocations=9 (full 0):
 garbage-first heap   total 55296K, used 18128K [0x00000000e0000000, 0x0000000100000000)
  region size 1024K, 2 young (2048K), 2 survivors (2048K)
 Metaspace       used 32218K, committed 32640K, reserved 1114112K
  class space    used 4278K, committed 4480K, reserved 1048576K
}
Event: 3.084 GC heap before
{Heap before GC invocations=9 (full 0):
 garbage-first heap   total 55296K, used 34512K [0x00000000e0000000, 0x0000000100000000)
  region size 1024K, 19 young (19456K), 2 survivors (2048K)
 Metaspace       used 35705K, committed 36096K, reserved 1114112K
  class space    used 4736K, committed 4928K, reserved 1048576K
}
Event: 3.086 GC heap after
{Heap after GC invocations=10 (full 0):
 garbage-first heap   total 55296K, used 19664K [0x00000000e0000000, 0x0000000100000000)
  region size 1024K, 3 young (3072K), 3 survivors (3072K)
 Metaspace       used 35705K, committed 36096K, reserved 1114112K
  class space    used 4736K, committed 4928K, reserved 1048576K
}
Event: 3.251 GC heap before
{Heap before GC invocations=11 (full 0):
 garbage-first heap   total 55296K, used 40144K [0x00000000e0000000, 0x0000000100000000)
  region size 1024K, 24 young (24576K), 3 survivors (3072K)
 Metaspace       used 37348K, committed 37696K, reserved 1114112K
  class space    used 4947K, committed 5120K, reserved 1048576K
}
Event: 3.254 GC heap after
{Heap after GC invocations=12 (full 0):
 garbage-first heap   total 55296K, used 20294K [0x00000000e0000000, 0x0000000100000000)
  region size 1024K, 1 young (1024K), 1 survivors (1024K)
 Metaspace       used 37348K, committed 37696K, reserved 1114112K
  class space    used 4947K, committed 5120K, reserved 1048576K
}
Event: 3.600 GC heap before
{Heap before GC invocations=13 (full 0):
 garbage-first heap   total 55296K, used 41798K [0x00000000e0000000, 0x0000000100000000)
  region size 1024K, 22 young (22528K), 1 survivors (1024K)
 Metaspace       used 38955K, committed 39360K, reserved 1114112K
  class space    used 5145K, committed 5312K, reserved 1048576K
}
Event: 3.602 GC heap after
{Heap after GC invocations=14 (full 0):
 garbage-first heap   total 55296K, used 21073K [0x00000000e0000000, 0x0000000100000000)
  region size 1024K, 2 young (2048K), 2 survivors (2048K)
 Metaspace       used 38955K, committed 39360K, reserved 1114112K
  class space    used 5145K, committed 5312K, reserved 1048576K
}
Event: 3.627 GC heap before
{Heap before GC invocations=14 (full 0):
 garbage-first heap   total 55296K, used 22097K [0x00000000e0000000, 0x0000000100000000)
  region size 1024K, 3 young (3072K), 2 survivors (2048K)
 Metaspace       used 38998K, committed 39360K, reserved 1114112K
  class space    used 5150K, committed 5312K, reserved 1048576K
}
Event: 3.630 GC heap after
{Heap after GC invocations=15 (full 0):
 garbage-first heap   total 55296K, used 21044K [0x00000000e0000000, 0x0000000100000000)
  region size 1024K, 1 young (1024K), 1 survivors (1024K)
 Metaspace       used 38998K, committed 39360K, reserved 1114112K
  class space    used 5150K, committed 5312K, reserved 1048576K
}
Event: 4.072 GC heap before
{Heap before GC invocations=15 (full 0):
 garbage-first heap   total 55296K, used 41524K [0x00000000e0000000, 0x0000000100000000)
  region size 1024K, 21 young (21504K), 1 survivors (1024K)
 Metaspace       used 41559K, committed 42048K, reserved 1114112K
  class space    used 5493K, committed 5760K, reserved 1048576K
}
Event: 4.075 GC heap after
{Heap after GC invocations=16 (full 0):
 garbage-first heap   total 55296K, used 22747K [0x00000000e0000000, 0x0000000100000000)
  region size 1024K, 2 young (2048K), 2 survivors (2048K)
 Metaspace       used 41559K, committed 42048K, reserved 1114112K
  class space    used 5493K, committed 5760K, reserved 1048576K
}

