# JRE version: Java(TM) SE Runtime Environment (17.0.11+7) (build 17.0.11+7-LTS-207)
# Java VM: Java HotSpot(TM) 64-Bit Server VM (17.0.11+7-LTS-207, mixed mode, sharing, tiered, compressed oops, compressed class ptrs, g1 gc, windows-amd64)
GC Precious Log:
 CPUs: 8 total, 8 available
 Memory: 16183M
 Large Page Support: Disabled
 NUMA Support: Disabled
 Compressed Oops: Enabled (32-bit)
 Heap Region Size: 1M
 Heap Min Capacity: 8M
 Heap Initial Capacity: 254M
 Heap Max Capacity: 512M
 Pre-touch: Disabled
 Parallel Workers: 8
 Concurrent Workers: 2
 Concurrent Refinement Workers: 8
 Periodic GC: Disabled
Heap:
 garbage-first heap   total 78848K, used 47420K [0x00000000e0000000, 0x0000000100000000)
  region size 1024K, 28 young (28672K), 2 survivors (2048K)
 Metaspace       used 42894K, committed 43456K, reserved 1114112K
  class space    used 5678K, committed 5952K, reserved 1048576K
GC Heap History (20 events):
Event: 1.787 GC heap before
{Heap before GC invocations=2 (full 0):
 garbage-first heap   total 260096K, used 55107K [0x00000000e0000000, 0x0000000100000000)
  region size 1024K, 46 young (47104K), 2 survivors (2048K)
 Metaspace       used 18879K, committed 19136K, reserved 1114112K
  class space    used 2628K, committed 2752K, reserved 1048576K
}
Event: 1.793 GC heap after
{Heap after GC invocations=3 (full 0):
 garbage-first heap   total 260096K, used 12721K [0x00000000e0000000, 0x0000000100000000)
  region size 1024K, 5 young (5120K), 5 survivors (5120K)
 Metaspace       used 18879K, committed 19136K, reserved 1114112K
  class space    used 2628K, committed 2752K, reserved 1048576K
}
Event: 1.916 GC heap before
{Heap before GC invocations=3 (full 0):
 garbage-first heap   total 260096K, used 23985K [0x00000000e0000000, 0x0000000100000000)
  region size 1024K, 17 young (17408K), 5 survivors (5120K)
 Metaspace       used 21149K, committed 21504K, reserved 1114112K
  class space    used 2887K, committed 3072K, reserved 1048576K
}
Event: 1.920 GC heap after
{Heap after GC invocations=4 (full 0):
 garbage-first heap   total 260096K, used 13760K [0x00000000e0000000, 0x0000000100000000)
  region size 1024K, 6 young (6144K), 6 survivors (6144K)
 Metaspace       used 21149K, committed 21504K, reserved 1114112K
  class space    used 2887K, committed 3072K, reserved 1048576K
}
Event: 2.243 GC heap before
{Heap before GC invocations=5 (full 0):
 garbage-first heap   total 58368K, used 43456K [0x00000000e0000000, 0x0000000100000000)
  region size 1024K, 36 young (36864K), 6 survivors (6144K)
 Metaspace       used 27348K, committed 27712K, reserved 1114112K
  class space    used 3647K, committed 3840K, reserved 1048576K
}
Event: 2.250 GC heap after
{Heap after GC invocations=6 (full 0):
 garbage-first heap   total 58368K, used 15591K [0x00000000e0000000, 0x0000000100000000)
  region size 1024K, 7 young (7168K), 7 survivors (7168K)
 Metaspace       used 27348K, committed 27712K, reserved 1114112K
  class space    used 3647K, committed 3840K, reserved 1048576K
}
Event: 2.262 GC heap before
{Heap before GC invocations=6 (full 0):
 garbage-first heap   total 58368K, used 16615K [0x00000000e0000000, 0x0000000100000000)
  region size 1024K, 8 young (8192K), 7 survivors (7168K)
 Metaspace       used 27481K, committed 27840K, reserved 1114112K
  class space    used 3668K, committed 3840K, reserved 1048576K
}
Event: 2.270 GC heap after
{Heap after GC invocations=7 (full 0):
 garbage-first heap   total 58368K, used 15957K [0x00000000e0000000, 0x0000000100000000)
  region size 1024K, 1 young (1024K), 1 survivors (1024K)
 Metaspace       used 27481K, committed 27840K, reserved 1114112K
  class space    used 3668K, committed 3840K, reserved 1048576K
}
Event: 2.654 GC heap before
{Heap before GC invocations=7 (full 0):
 garbage-first heap   total 58368K, used 40533K [0x00000000e0000000, 0x0000000100000000)
  region size 1024K, 25 young (25600K), 1 survivors (1024K)
 Metaspace       used 29884K, committed 30272K, reserved 1114112K
  class space    used 3954K, committed 4160K, reserved 1048576K
}
Event: 2.657 GC heap after
{Heap after GC invocations=8 (full 0):
 garbage-first heap   total 58368K, used 17423K [0x00000000e0000000, 0x0000000100000000)
  region size 1024K, 3 young (3072K), 3 survivors (3072K)
 Metaspace       used 29884K, committed 30272K, reserved 1114112K
  class space    used 3954K, committed 4160K, reserved 1048576K
}
Event: 3.154 GC heap before
{Heap before GC invocations=8 (full 0):
 garbage-first heap   total 58368K, used 40975K [0x00000000e0000000, 0x0000000100000000)
  region size 1024K, 26 young (26624K), 3 survivors (3072K)
 Metaspace       used 33235K, committed 33600K, reserved 1114112K
  class space    used 4438K, committed 4608K, reserved 1048576K
}
Event: 3.157 GC heap after
{Heap after GC invocations=9 (full 0):
 garbage-first heap   total 58368K, used 19363K [0x00000000e0000000, 0x0000000100000000)
  region size 1024K, 2 young (2048K), 2 survivors (2048K)
 Metaspace       used 33235K, committed 33600K, reserved 1114112K
  class space    used 4438K, committed 4608K, reserved 1048576K
}
Event: 3.326 GC heap before
{Heap before GC invocations=9 (full 0):
 garbage-first heap   total 58368K, used 28579K [0x00000000e0000000, 0x0000000100000000)
  region size 1024K, 12 young (12288K), 2 survivors (2048K)
 Metaspace       used 35694K, committed 36096K, reserved 1114112K
  class space    used 4732K, committed 4928K, reserved 1048576K
}
Event: 3.328 GC heap after
{Heap after GC invocations=10 (full 0):
 garbage-first heap   total 58368K, used 19996K [0x00000000e0000000, 0x0000000100000000)
  region size 1024K, 3 young (3072K), 3 survivors (3072K)
 Metaspace       used 35694K, committed 36096K, reserved 1114112K
  class space    used 4732K, committed 4928K, reserved 1048576K
}
Event: 3.471 GC heap before
{Heap before GC invocations=11 (full 0):
 garbage-first heap   total 58368K, used 42524K [0x00000000e0000000, 0x0000000100000000)
  region size 1024K, 26 young (26624K), 3 survivors (3072K)
 Metaspace       used 37409K, committed 37888K, reserved 1114112K
  class space    used 4949K, committed 5184K, reserved 1048576K
}
Event: 3.473 GC heap after
{Heap after GC invocations=12 (full 0):
 garbage-first heap   total 58368K, used 20362K [0x00000000e0000000, 0x0000000100000000)
  region size 1024K, 2 young (2048K), 2 survivors (2048K)
 Metaspace       used 37409K, committed 37888K, reserved 1114112K
  class space    used 4949K, committed 5184K, reserved 1048576K
}
Event: 3.474 GC heap before
{Heap before GC invocations=12 (full 0):
 garbage-first heap   total 58368K, used 20362K [0x00000000e0000000, 0x0000000100000000)
  region size 1024K, 3 young (3072K), 2 survivors (2048K)
 Metaspace       used 37410K, committed 37888K, reserved 1114112K
  class space    used 4949K, committed 5184K, reserved 1048576K
}
Event: 3.476 GC heap after
{Heap after GC invocations=13 (full 0):
 garbage-first heap   total 58368K, used 20389K [0x00000000e0000000, 0x0000000100000000)
  region size 1024K, 1 young (1024K), 1 survivors (1024K)
 Metaspace       used 37410K, committed 37888K, reserved 1114112K
  class space    used 4949K, committed 5184K, reserved 1048576K
}
Event: 3.834 GC heap before
{Heap before GC invocations=13 (full 0):
 garbage-first heap   total 58368K, used 42917K [0x00000000e0000000, 0x0000000100000000)
  region size 1024K, 24 young (24576K), 1 survivors (1024K)
 Metaspace       used 39694K, committed 40128K, reserved 1114112K
  class space    used 5232K, committed 5440K, reserved 1048576K
}
Event: 3.836 GC heap after
{Heap after GC invocations=14 (full 0):
 garbage-first heap   total 159744K, used 21820K [0x00000000e0000000, 0x0000000100000000)
  region size 1024K, 2 young (2048K), 2 survivors (2048K)
 Metaspace       used 39694K, committed 40128K, reserved 1114112K
  class space    used 5232K, committed 5440K, reserved 1048576K
}

